<?xml version="1.0" encoding="UTF-8"?>
<testsuite xmlns:xsi="http://www.w3.org/2001/XMLSchema-instance" xsi:noNamespaceSchemaLocation="https://maven.apache.org/surefire/maven-surefire-plugin/xsd/surefire-test-report.xsd" name="com.example.demo.DemoApplicationTests" time="11.297" tests="2" errors="0" skipped="0" failures="0">
  <properties>
[...]
</properties>
  <testcase name="JsonImg" classname="com.example.demo.DemoApplicationTests" time="1.389"/>
  <testcase name="pageUser" classname="com.example.demo.DemoApplicationTests" time="0.143"/>
</testsuite>